[debug] [2021-04-26T15:57:05.659Z] ----------------------------------------------------------------------
[debug] [2021-04-26T15:57:05.662Z] Command:       C:\Program Files\nodejs\node.exe C:\Users\RAPHAEL\AppData\Roaming\npm\node_modules\firebase-tools\lib\bin\firebase.js init
[debug] [2021-04-26T15:57:05.663Z] CLI Version:   9.10.0
[debug] [2021-04-26T15:57:05.663Z] Platform:      win32
[debug] [2021-04-26T15:57:05.663Z] Node Version:  v12.18.3
[debug] [2021-04-26T15:57:05.676Z] Time:          Mon Apr 26 2021 18:57:05 GMT+0300 (East Africa Time)
[debug] [2021-04-26T15:57:05.676Z] ----------------------------------------------------------------------
[debug] 
[debug] [2021-04-26T15:57:05.687Z] > command requires scopes: ["email","openid","https://www.googleapis.com/auth/cloudplatformprojects.readonly","https://www.googleapis.com/auth/firebase","https://www.googleapis.com/auth/cloud-platform"]
[debug] [2021-04-26T15:57:05.687Z] > authorizing via signed-in user (nkibi53@gmail.com)
[info] 
     ######## #### ########  ######## ########     ###     ######  ########
     ##        ##  ##     ## ##       ##     ##  ##   ##  ##       ##
     ######    ##  ########  ######   ########  #########  ######  ######
     ##        ##  ##    ##  ##       ##     ## ##     ##       ## ##
     ##       #### ##     ## ######## ########  ##     ##  ######  ########

You're about to initialize a Firebase project in this directory:

  C:\Users\RAPHAEL\AndroidStudioProjects\GeoLocatingCamera

Before we get started, keep in mind:

  * You are initializing in an existing Firebase project directory

[info] 
=== Project Setup
[info] 
[info] First, let's associate this project directory with a Firebase project.
[info] You can create multiple project aliases by running firebase use --add, 
[info] but for now we'll just set up a default project.
[info] 
[info] i  .firebaserc already has a default project, using the-geo-locating-camera. 
[debug] [2021-04-26T15:57:30.838Z] > refreshing access token with scopes: []
[debug] [2021-04-26T15:57:30.838Z] >>> HTTP REQUEST POST https://www.googleapis.com/oauth2/v3/token  
 <request body omitted>
[debug] [2021-04-26T15:57:31.917Z] <<< HTTP RESPONSE 200 {"pragma":"no-cache","cache-control":"no-cache, no-store, max-age=0, must-revalidate","date":"Mon, 26 Apr 2021 15:57:30 GMT","expires":"Mon, 01 Jan 1990 00:00:00 GMT","content-type":"application/json; charset=utf-8","vary":"X-Origin, Referer, Origin,Accept-Encoding","server":"scaffolding on HTTPServer2","x-xss-protection":"0","x-frame-options":"SAMEORIGIN","x-content-type-options":"nosniff","alt-svc":"h3-29=\":443\"; ma=2592000,h3-T051=\":443\"; ma=2592000,h3-Q050=\":443\"; ma=2592000,h3-Q046=\":443\"; ma=2592000,h3-Q043=\":443\"; ma=2592000,quic=\":443\"; ma=2592000; v=\"46,43\"","accept-ranges":"none","transfer-encoding":"chunked"}
[debug] [2021-04-26T15:57:31.943Z] >>> [apiv2][query] GET https://firebase.googleapis.com/v1beta1/projects/the-geo-locating-camera [none]
[debug] [2021-04-26T15:57:32.826Z] <<< [apiv2][status] GET https://firebase.googleapis.com/v1beta1/projects/the-geo-locating-camera 200
[debug] [2021-04-26T15:57:32.826Z] <<< [apiv2][body] GET https://firebase.googleapis.com/v1beta1/projects/the-geo-locating-camera {"projectId":"the-geo-locating-camera","projectNumber":"252442963861","displayName":"The geo locating camera","name":"projects/the-geo-locating-camera","resources":{"hostingSite":"the-geo-locating-camera","storageBucket":"the-geo-locating-camera.appspot.com","locationId":"us-central"},"state":"ACTIVE"}
[info] 
=== Functions Setup
[info] 
[info] A functions directory will be created in your project with a Node.js
[info] package pre-configured. Functions can be deployed with firebase deploy.
[info] 
[debug] [2021-04-26T15:57:32.834Z] > command requires scopes: ["email","openid","https://www.googleapis.com/auth/cloudplatformprojects.readonly","https://www.googleapis.com/auth/firebase","https://www.googleapis.com/auth/cloud-platform"]
[debug] [2021-04-26T15:57:32.834Z] > authorizing via signed-in user (nkibi53@gmail.com)
[debug] [2021-04-26T15:57:32.834Z] [iam] checking project the-geo-locating-camera for permissions ["firebase.projects.get"]
[debug] [2021-04-26T15:57:32.835Z] > refreshing access token with scopes: ["email","https://www.googleapis.com/auth/cloud-platform","https://www.googleapis.com/auth/cloudplatformprojects.readonly","https://www.googleapis.com/auth/firebase","openid"]
[debug] [2021-04-26T15:57:32.836Z] >>> HTTP REQUEST POST https://www.googleapis.com/oauth2/v3/token  
 <request body omitted>
[debug] [2021-04-26T15:57:33.506Z] <<< HTTP RESPONSE 200 {"date":"Mon, 26 Apr 2021 15:57:31 GMT","expires":"Mon, 01 Jan 1990 00:00:00 GMT","pragma":"no-cache","cache-control":"no-cache, no-store, max-age=0, must-revalidate","content-type":"application/json; charset=utf-8","vary":"X-Origin, Referer, Origin,Accept-Encoding","server":"scaffolding on HTTPServer2","x-xss-protection":"0","x-frame-options":"SAMEORIGIN","x-content-type-options":"nosniff","alt-svc":"h3-29=\":443\"; ma=2592000,h3-T051=\":443\"; ma=2592000,h3-Q050=\":443\"; ma=2592000,h3-Q046=\":443\"; ma=2592000,h3-Q043=\":443\"; ma=2592000,quic=\":443\"; ma=2592000; v=\"46,43\"","accept-ranges":"none","transfer-encoding":"chunked"}
[debug] [2021-04-26T15:57:33.527Z] >>> HTTP REQUEST POST https://cloudresourcemanager.googleapis.com/v1/projects/the-geo-locating-camera:testIamPermissions  
 {"permissions":["firebase.projects.get"]}
[debug] [2021-04-26T15:57:35.585Z] <<< HTTP RESPONSE 200 {"content-type":"application/json; charset=UTF-8","vary":"X-Origin, Referer, Origin,Accept-Encoding","date":"Mon, 26 Apr 2021 15:57:33 GMT","server":"ESF","cache-control":"private","x-xss-protection":"0","x-frame-options":"SAMEORIGIN","x-content-type-options":"nosniff","server-timing":"gfet4t7; dur=1483","alt-svc":"h3-29=\":443\"; ma=2592000,h3-T051=\":443\"; ma=2592000,h3-Q050=\":443\"; ma=2592000,h3-Q046=\":443\"; ma=2592000,h3-Q043=\":443\"; ma=2592000,quic=\":443\"; ma=2592000; v=\"46,43\"","accept-ranges":"none","transfer-encoding":"chunked"}
[debug] [2021-04-26T15:57:35.589Z] >>> HTTP REQUEST POST https://serviceusage.googleapis.com/v1/projects/the-geo-locating-camera/services/cloudfunctions.googleapis.com:enable  
 
[debug] [2021-04-26T15:57:35.589Z] >>> HTTP REQUEST POST https://serviceusage.googleapis.com/v1/projects/the-geo-locating-camera/services/runtimeconfig.googleapis.com:enable  
 
[debug] [2021-04-26T15:57:37.440Z] <<< HTTP RESPONSE 200 {"content-type":"application/json; charset=UTF-8","vary":"X-Origin, Referer, Origin,Accept-Encoding","date":"Mon, 26 Apr 2021 15:57:35 GMT","server":"ESF","cache-control":"private","x-xss-protection":"0","x-frame-options":"SAMEORIGIN","x-content-type-options":"nosniff","alt-svc":"h3-29=\":443\"; ma=2592000,h3-T051=\":443\"; ma=2592000,h3-Q050=\":443\"; ma=2592000,h3-Q046=\":443\"; ma=2592000,h3-Q043=\":443\"; ma=2592000,quic=\":443\"; ma=2592000; v=\"46,43\"","accept-ranges":"none","transfer-encoding":"chunked"}
[debug] [2021-04-26T15:57:38.537Z] <<< HTTP RESPONSE 200 {"content-type":"application/json; charset=UTF-8","vary":"X-Origin, Referer, Origin,Accept-Encoding","date":"Mon, 26 Apr 2021 15:57:36 GMT","server":"ESF","cache-control":"private","x-xss-protection":"0","x-frame-options":"SAMEORIGIN","x-content-type-options":"nosniff","alt-svc":"h3-29=\":443\"; ma=2592000,h3-T051=\":443\"; ma=2592000,h3-Q050=\":443\"; ma=2592000,h3-Q046=\":443\"; ma=2592000,h3-Q043=\":443\"; ma=2592000,quic=\":443\"; ma=2592000; v=\"46,43\"","accept-ranges":"none","transfer-encoding":"chunked"}
